INFO:SIM.Simulation:creating instance from 
INFO:SIM.Simulation:Gave node 0 name Hephaestus
INFO:SIM.Simulation:Gave node 1 name Faunus
INFO:SIM.Simulation:Gave node 2 name Vesta
INFO:SIM.Simulation:Gave node 3 name Cupid
INFO:SIM.Simulation:Gave node 4 name Persephone
INFO:SIM.Simulation:Gave node 5 name Diana
INFO:SIM.Simulation:Gave node 6 name Hera
INFO:SIM.Simulation:Gave node 7 name Hestia
INFO:SIM.Simulation:Built Config: {'log_level': 'info', 'Network': {'protocol': 'RoutingTable'}, 'app_mod': <class 'Applications.AccessibilityTest'>, 'MAC': {'protocol': 'ALOHA', 'ack_packet_length': 24}, 'Simulation': {'channel_event_name': 'AcousticEvent', 'sim_duration': 2000, 'sim_interval': 1.0}, 'Environment': {'shape': [1000, 1000, 1000], 'resolution': 1, 'base_depth': -1000}, 'Application': {'protocol': 'AccessibilityTest'}, 'PHY': {'max_transmit_power': 250.0, 'recieve_power': -3.0, 'listen_power': -30.0, 'variable_bandwidth': False, 'var_power': {}, 'bandwidth': 1.0, 'frequency': 20.0, 'transmit_power': 250.0, 'threshold': {'SIR': 15.0, 'SNR': 20.0, 'LIS': 3.0}, 'bandwidth_to_bit_ratio': 1.0}, 'net_mod': <class Net.RoutingTable at 0x95b353c>, 'Nodes': {'count': 8, 'max_turn': [4.5, 4.5, 4.5], 'naming_convention': ['Zeus', 'Neptune', 'Jupiter', 'Hera', 'Mercury', 'Faunus', 'Hestia', 'Demeter', 'Poseidon', 'Diana', 'Apollo', 'Pluto', 'Juno', 'Vesta', 'Diana', 'Hermes', 'Persephone', 'Cupid', 'Ares', 'Hephaestus'], 'node_names': ['Hephaestus', 'Faunus', 'Vesta', 'Cupid', 'Persephone', 'Diana', 'Hera', 'Hestia'], 'initial_node_vectors': {}, 'Behaviour': {'nearest_neighbours': 4, 'protocol': 'Flock', 'neighbourhood_max_rad': 100, 'update_rate': 0.1, 'schooling_factor': 0.1, 'clumping_factor': 0.1, 'neighbourhood_min_rad': 10}, 'max_speed': [1.0, 1.0, 1.0], 'vector_generation': 'center'}, 'mac_mod': <class MAC.ALOHA at 0x95b34dc>}
INFO:SIM.Environment:creating instance
INFO:SIM.Node[Hephaestus]:creating instance
INFO:SIM.Node[Hephaestus].PHY:creating instance
INFO:SIM.Node[Hephaestus].ALOHA:creating instance
INFO:SIM.Node[Hephaestus].AccessibilityTest:creating instance
INFO:SIM.Node[Hephaestus].Flock:creating instance from bev_config: {'nearest_neighbours': 4, 'protocol': 'Flock', 'neighbourhood_max_rad': 100, 'update_rate': 0.1, 'schooling_factor': 0.1, 'clumping_factor': 0.1, 'neighbourhood_min_rad': 10}
INFO:SIM.Node[Hephaestus]:instance created
INFO:SIM.Node[Faunus]:creating instance
INFO:SIM.Node[Faunus].PHY:creating instance
INFO:SIM.Node[Faunus].ALOHA:creating instance
INFO:SIM.Node[Faunus].AccessibilityTest:creating instance
INFO:SIM.Node[Faunus].Flock:creating instance from bev_config: {'nearest_neighbours': 4, 'protocol': 'Flock', 'neighbourhood_max_rad': 100, 'update_rate': 0.1, 'schooling_factor': 0.1, 'clumping_factor': 0.1, 'neighbourhood_min_rad': 10}
INFO:SIM.Node[Faunus]:instance created
INFO:SIM.Node[Vesta]:creating instance
INFO:SIM.Node[Vesta].PHY:creating instance
INFO:SIM.Node[Vesta].ALOHA:creating instance
INFO:SIM.Node[Vesta].AccessibilityTest:creating instance
INFO:SIM.Node[Vesta].Flock:creating instance from bev_config: {'nearest_neighbours': 4, 'protocol': 'Flock', 'neighbourhood_max_rad': 100, 'update_rate': 0.1, 'schooling_factor': 0.1, 'clumping_factor': 0.1, 'neighbourhood_min_rad': 10}
INFO:SIM.Node[Vesta]:instance created
INFO:SIM.Node[Cupid]:creating instance
INFO:SIM.Node[Cupid].PHY:creating instance
INFO:SIM.Node[Cupid].ALOHA:creating instance
INFO:SIM.Node[Cupid].AccessibilityTest:creating instance
INFO:SIM.Node[Cupid].Flock:creating instance from bev_config: {'nearest_neighbours': 4, 'protocol': 'Flock', 'neighbourhood_max_rad': 100, 'update_rate': 0.1, 'schooling_factor': 0.1, 'clumping_factor': 0.1, 'neighbourhood_min_rad': 10}
INFO:SIM.Node[Cupid]:instance created
INFO:SIM.Node[Persephone]:creating instance
INFO:SIM.Node[Persephone].PHY:creating instance
INFO:SIM.Node[Persephone].ALOHA:creating instance
INFO:SIM.Node[Persephone].AccessibilityTest:creating instance
INFO:SIM.Node[Persephone].Flock:creating instance from bev_config: {'nearest_neighbours': 4, 'protocol': 'Flock', 'neighbourhood_max_rad': 100, 'update_rate': 0.1, 'schooling_factor': 0.1, 'clumping_factor': 0.1, 'neighbourhood_min_rad': 10}
INFO:SIM.Node[Persephone]:instance created
INFO:SIM.Node[Diana]:creating instance
INFO:SIM.Node[Diana].PHY:creating instance
INFO:SIM.Node[Diana].ALOHA:creating instance
INFO:SIM.Node[Diana].AccessibilityTest:creating instance
INFO:SIM.Node[Diana].Flock:creating instance from bev_config: {'nearest_neighbours': 4, 'protocol': 'Flock', 'neighbourhood_max_rad': 100, 'update_rate': 0.1, 'schooling_factor': 0.1, 'clumping_factor': 0.1, 'neighbourhood_min_rad': 10}
INFO:SIM.Node[Diana]:instance created
INFO:SIM.Node[Hera]:creating instance
INFO:SIM.Node[Hera].PHY:creating instance
INFO:SIM.Node[Hera].ALOHA:creating instance
INFO:SIM.Node[Hera].AccessibilityTest:creating instance
INFO:SIM.Node[Hera].Flock:creating instance from bev_config: {'nearest_neighbours': 4, 'protocol': 'Flock', 'neighbourhood_max_rad': 100, 'update_rate': 0.1, 'schooling_factor': 0.1, 'clumping_factor': 0.1, 'neighbourhood_min_rad': 10}
INFO:SIM.Node[Hera]:instance created
INFO:SIM.Node[Hestia]:creating instance
INFO:SIM.Node[Hestia].PHY:creating instance
INFO:SIM.Node[Hestia].ALOHA:creating instance
INFO:SIM.Node[Hestia].AccessibilityTest:creating instance
INFO:SIM.Node[Hestia].Flock:creating instance from bev_config: {'nearest_neighbours': 4, 'protocol': 'Flock', 'neighbourhood_max_rad': 100, 'update_rate': 0.1, 'schooling_factor': 0.1, 'clumping_factor': 0.1, 'neighbourhood_min_rad': 10}
INFO:SIM.Node[Hestia]:instance created
INFO:SIM.Fleet:creating instance
INFO:SIM.Simulation:Initialising Simulation, to run for 2000.0 steps
INFO:SIM.Node[Hephaestus].ALOHA:activating instance
INFO:SIM.Node[Faunus].ALOHA:activating instance
INFO:SIM.Node[Vesta].ALOHA:activating instance
INFO:SIM.Node[Cupid].ALOHA:activating instance
INFO:SIM.Node[Persephone].ALOHA:activating instance
INFO:SIM.Node[Diana].ALOHA:activating instance
INFO:SIM.Node[Hera].ALOHA:activating instance
INFO:SIM.Node[Hestia].ALOHA:activating instance
INFO:SIM.Fleet:Initialised Node Lifecycle
INFO:SIM.Node[Hephaestus]:Initialised Node Lifecycle
INFO:SIM.Node[Faunus]:Initialised Node Lifecycle
INFO:SIM.Node[Vesta]:Initialised Node Lifecycle
INFO:SIM.Node[Cupid]:Initialised Node Lifecycle
INFO:SIM.Node[Persephone]:Initialised Node Lifecycle
INFO:SIM.Node[Diana]:Initialised Node Lifecycle
INFO:SIM.Node[Hera]:Initialised Node Lifecycle
INFO:SIM.Node[Hestia]:Initialised Node Lifecycle
INFO:SIM.Fleet:Fleet Step: 0 EIG:([ 510.875  491.5    506.625])
INFO:SIM.Fleet:Fleet Step: 1 EIG:([ 510.875  491.5    506.625])
INFO:SIM.Fleet:Fleet Step: 2 EIG:([ 510.71625784  491.53235878  506.80896974])
INFO:SIM.Fleet:Fleet Step: 3 EIG:([ 510.51039597  491.57847564  506.97548935])
INFO:SIM.Fleet:Fleet Step: 4 EIG:([ 510.28687302  491.62959671  507.14361726])
INFO:SIM.Fleet:Fleet Step: 5 EIG:([ 510.03141039  491.6215614   507.26363137])
INFO:SIM.Fleet:Fleet Step: 6 EIG:([ 509.72261428  491.63537718  507.36991125])
INFO:SIM.Fleet:Fleet Step: 7 EIG:([ 509.37799057  491.62801048  507.46437147])
INFO:SIM.Fleet:Fleet Step: 8 EIG:([ 509.00761087  491.61731708  507.55616482])
INFO:SIM.Fleet:Fleet Step: 9 EIG:([ 508.59852598  491.59271399  507.65983844])
INFO:SIM.Fleet:Fleet Step: 10 EIG:([ 508.12984787  491.54290473  507.76911852])
INFO:SIM.Fleet:Fleet Step: 11 EIG:([ 507.59620317  491.41175046  507.87181431])
INFO:SIM.Fleet:Fleet Step: 12 EIG:([ 507.00336657  491.26844724  507.98096298])
INFO:SIM.Fleet:Fleet Step: 13 EIG:([ 506.35226753  491.11483253  508.05786278])
INFO:SIM.Fleet:Fleet Step: 14 EIG:([ 505.61977074  490.93720534  508.08776623])
INFO:SIM.Fleet:Fleet Step: 15 EIG:([ 504.79147425  490.74738184  508.08120339])
INFO:SIM.Fleet:Fleet Step: 16 EIG:([ 503.87195866  490.5797796   508.04383697])
INFO:SIM.Fleet:Fleet Step: 17 EIG:([ 502.88847855  490.43526672  508.03970924])
INFO:SIM.Fleet:Fleet Step: 18 EIG:([ 501.93300422  490.28042945  508.05659641])
INFO:SIM.Fleet:Fleet Step: 19 EIG:([ 501.05305552  490.09173758  508.10246933])
INFO:SIM.Fleet:Fleet Step: 20 EIG:([ 500.28142009  489.86397481  508.15449158])
INFO:SIM.Fleet:Fleet Step: 21 EIG:([ 499.62714275  489.60332845  508.18058999])
INFO:SIM.Fleet:Fleet Step: 22 EIG:([ 499.08080312  489.33363018  508.16526941])
INFO:SIM.Fleet:Fleet Step: 23 EIG:([ 498.60818096  489.06537916  508.11368141])
INFO:SIM.Fleet:Fleet Step: 24 EIG:([ 498.18369199  488.8170714   508.03162271])
INFO:SIM.Fleet:Fleet Step: 25 EIG:([ 497.81705801  488.58191021  507.91444602])
INFO:SIM.Fleet:Fleet Step: 26 EIG:([ 497.48665623  488.34785968  507.78694979])
INFO:SIM.Fleet:Fleet Step: 27 EIG:([ 497.17086999  488.10200385  507.6661242 ])
INFO:SIM.Fleet:Fleet Step: 28 EIG:([ 496.8662767   487.81456571  507.55398149])
INFO:SIM.Fleet:Fleet Step: 29 EIG:([ 496.56739673  487.46742614  507.46444309])
INFO:SIM.Fleet:Fleet Step: 30 EIG:([ 496.24832473  487.06784445  507.37526214])
INFO:SIM.Fleet:Fleet Step: 31 EIG:([ 495.89825374  486.60772235  507.31542513])
INFO:SIM.Fleet:Fleet Step: 32 EIG:([ 495.51737001  486.06679266  507.27907351])
