[2013-05-23 11:03:58,590] aietes-INFO-using given config
[2013-05-23 11:03:58,606] aietes.aietes.Fleet-INFO-creating instance
[2013-05-23 11:03:58,606] aietes-INFO-Initialising Simulation Flock(0.00%)-0, to run for 1000.0 steps
[2013-05-23 11:03:58,606] aietes.aietes.Fleet-INFO-Initialised Node Lifecycle
[2013-05-23 11:04:00,022] aietes.aietes.Node.Bev:Waypoint-INFO-Moving to Next waypoint:[ 333.333  333.333  333.333]
[2013-05-23 11:04:00,049] aietes.aietes.Node.Bev:Waypoint-INFO-Moving to Next waypoint:[ 333.333  333.333  333.333]
[2013-05-23 11:04:00,097] aietes.aietes.Node.Bev:Waypoint-INFO-Moving to Next waypoint:[ 333.333  333.333  333.333]
[2013-05-23 11:04:00,161] aietes.aietes.Node.Bev:Waypoint-INFO-Moving to Next waypoint:[ 333.333  333.333  333.333]
[2013-05-23 11:04:01,783] aietes-INFO-Finished Simulation at 1000.0
[2013-05-23 11:04:01,798] aietes-INFO-Writing datafile to Flock(0.00%)(0:3).aietes
[2013-05-23 11:04:01,935] aietes-INFO-using given config
[2013-05-23 11:04:01,971] aietes.aietes.Fleet-INFO-creating instance
[2013-05-23 11:04:01,971] aietes-INFO-Initialising Simulation Flock(0.00%)-1, to run for 1000.0 steps
[2013-05-23 11:04:01,971] aietes.aietes.Fleet-INFO-Initialised Node Lifecycle
[2013-05-23 11:04:03,329] aietes.aietes.Node.Bev:Waypoint-INFO-Moving to Next waypoint:[ 333.333  333.333  333.333]
[2013-05-23 11:04:03,356] aietes.aietes.Node.Bev:Waypoint-INFO-Moving to Next waypoint:[ 333.333  333.333  333.333]
[2013-05-23 11:04:03,357] aietes.aietes.Node.Bev:Waypoint-INFO-Moving to Next waypoint:[ 333.333  333.333  333.333]
[2013-05-23 11:04:03,402] aietes.aietes.Node.Bev:Waypoint-INFO-Moving to Next waypoint:[ 333.333  333.333  333.333]
[2013-05-23 11:04:05,240] aietes-INFO-Finished Simulation at 1000.0
[2013-05-23 11:04:05,255] aietes-INFO-Writing datafile to Flock(0.00%)(1:3).aietes
[2013-05-23 11:04:05,353] aietes-INFO-using given config
[2013-05-23 11:04:05,369] aietes.aietes.Fleet-INFO-creating instance
[2013-05-23 11:04:05,369] aietes-INFO-Initialising Simulation Flock(0.00%)-2, to run for 1000.0 steps
[2013-05-23 11:04:05,369] aietes.aietes.Fleet-INFO-Initialised Node Lifecycle
[2013-05-23 11:04:06,583] aietes.aietes.Node.Bev:Waypoint-INFO-Moving to Next waypoint:[ 333.333  333.333  333.333]
[2013-05-23 11:04:06,656] aietes.aietes.Node.Bev:Waypoint-INFO-Moving to Next waypoint:[ 333.333  333.333  333.333]
[2013-05-23 11:04:06,661] aietes.aietes.Node.Bev:Waypoint-INFO-Moving to Next waypoint:[ 333.333  333.333  333.333]
[2013-05-23 11:04:06,678] aietes.aietes.Node.Bev:Waypoint-INFO-Moving to Next waypoint:[ 333.333  333.333  333.333]
[2013-05-23 11:04:08,326] aietes.aietes.Node.Bev:Waypoint-INFO-Moving to Next waypoint:[ 666.667  333.333  333.333]
[2013-05-23 11:04:08,339] aietes.aietes.Node.Bev:Waypoint-INFO-Moving to Next waypoint:[ 666.667  333.333  333.333]
[2013-05-23 11:04:08,388] aietes.aietes.Node.Bev:Waypoint-INFO-Moving to Next waypoint:[ 666.667  333.333  333.333]
[2013-05-23 11:04:08,430] aietes.aietes.Node.Bev:Waypoint-INFO-Moving to Next waypoint:[ 666.667  333.333  333.333]
[2013-05-23 11:04:08,639] aietes-INFO-Finished Simulation at 1000.0
[2013-05-23 11:04:08,654] aietes-INFO-Writing datafile to Flock(0.00%)(2:3).aietes
