[2013-05-23 11:04:08,752] aietes-INFO-using given config
[2013-05-23 11:04:08,766] aietes.aietes.Fleet-INFO-creating instance
[2013-05-23 11:04:08,766] aietes-INFO-Initialising Simulation Flock(25.00%)-0, to run for 1000.0 steps
[2013-05-23 11:04:08,766] aietes.aietes.Fleet-INFO-Initialised Node Lifecycle
[2013-05-23 11:04:10,132] aietes.aietes.Node.Bev:Waypoint-INFO-Moving to Next waypoint:[ 333.333  333.333  333.333]
[2013-05-23 11:04:10,151] aietes.aietes.Node.Bev:Waypoint-INFO-Moving to Next waypoint:[ 333.333  333.333  333.333]
[2013-05-23 11:04:10,174] aietes.aietes.Node.Bev:Waypoint-INFO-Moving to Next waypoint:[ 333.333  333.333  333.333]
[2013-05-23 11:04:11,844] aietes-INFO-Finished Simulation at 1000.0
[2013-05-23 11:04:11,859] aietes-INFO-Writing datafile to Flock(25.00%)(0:3).aietes
[2013-05-23 11:04:11,995] aietes-INFO-using given config
[2013-05-23 11:04:12,008] aietes.aietes.Fleet-INFO-creating instance
[2013-05-23 11:04:12,008] aietes-INFO-Initialising Simulation Flock(25.00%)-1, to run for 1000.0 steps
[2013-05-23 11:04:12,008] aietes.aietes.Fleet-INFO-Initialised Node Lifecycle
[2013-05-23 11:04:13,281] aietes.aietes.Node.Bev:Waypoint-INFO-Moving to Next waypoint:[ 333.333  333.333  333.333]
[2013-05-23 11:04:13,313] aietes.aietes.Node.Bev:Waypoint-INFO-Moving to Next waypoint:[ 333.333  333.333  333.333]
[2013-05-23 11:04:13,335] aietes.aietes.Node.Bev:Waypoint-INFO-Moving to Next waypoint:[ 333.333  333.333  333.333]
[2013-05-23 11:04:15,154] aietes-INFO-Finished Simulation at 1000.0
[2013-05-23 11:04:15,169] aietes-INFO-Writing datafile to Flock(25.00%)(1:3).aietes
[2013-05-23 11:04:15,261] aietes-INFO-using given config
[2013-05-23 11:04:15,274] aietes.aietes.Fleet-INFO-creating instance
[2013-05-23 11:04:15,274] aietes-INFO-Initialising Simulation Flock(25.00%)-2, to run for 1000.0 steps
[2013-05-23 11:04:15,274] aietes.aietes.Fleet-INFO-Initialised Node Lifecycle
[2013-05-23 11:04:16,642] aietes.aietes.Node.Bev:Waypoint-INFO-Moving to Next waypoint:[ 333.333  333.333  333.333]
[2013-05-23 11:04:16,646] aietes.aietes.Node.Bev:Waypoint-INFO-Moving to Next waypoint:[ 333.333  333.333  333.333]
[2013-05-23 11:04:16,654] aietes.aietes.Node.Bev:Waypoint-INFO-Moving to Next waypoint:[ 333.333  333.333  333.333]
[2013-05-23 11:04:18,445] aietes-INFO-Finished Simulation at 1000.0
[2013-05-23 11:04:18,462] aietes-INFO-Writing datafile to Flock(25.00%)(2:3).aietes
