[2013-05-23 11:04:28,120] aietes-INFO-using given config
[2013-05-23 11:04:28,128] aietes.aietes.Fleet-INFO-creating instance
[2013-05-23 11:04:28,128] aietes-INFO-Initialising Simulation Flock(75.00%)-0, to run for 1000.0 steps
[2013-05-23 11:04:28,128] aietes.aietes.Fleet-INFO-Initialised Node Lifecycle
[2013-05-23 11:04:30,508] aietes.aietes.Node.Bev:Waypoint-INFO-Moving to Next waypoint:[ 333.333  333.333  333.333]
[2013-05-23 11:04:31,031] aietes-INFO-Finished Simulation at 1000.0
[2013-05-23 11:04:31,047] aietes-INFO-Writing datafile to Flock(75.00%)(0:3).aietes
[2013-05-23 11:04:31,163] aietes-INFO-using given config
[2013-05-23 11:04:31,171] aietes.aietes.Fleet-INFO-creating instance
[2013-05-23 11:04:31,171] aietes-INFO-Initialising Simulation Flock(75.00%)-1, to run for 1000.0 steps
[2013-05-23 11:04:31,171] aietes.aietes.Fleet-INFO-Initialised Node Lifecycle
[2013-05-23 11:04:34,049] aietes-INFO-Finished Simulation at 1000.0
[2013-05-23 11:04:34,068] aietes-INFO-Writing datafile to Flock(75.00%)(1:3).aietes
[2013-05-23 11:04:34,153] aietes-INFO-using given config
[2013-05-23 11:04:34,162] aietes.aietes.Fleet-INFO-creating instance
[2013-05-23 11:04:34,162] aietes-INFO-Initialising Simulation Flock(75.00%)-2, to run for 1000.0 steps
[2013-05-23 11:04:34,162] aietes.aietes.Fleet-INFO-Initialised Node Lifecycle
[2013-05-23 11:04:36,150] aietes.aietes.Node.Bev:Waypoint-INFO-Moving to Next waypoint:[ 333.333  333.333  333.333]
[2013-05-23 11:04:37,082] aietes-INFO-Finished Simulation at 1000.0
[2013-05-23 11:04:37,097] aietes-INFO-Writing datafile to Flock(75.00%)(2:3).aietes
