[2013-05-23 11:04:18,557] aietes-INFO-using given config
[2013-05-23 11:04:18,567] aietes.aietes.Fleet-INFO-creating instance
[2013-05-23 11:04:18,567] aietes-INFO-Initialising Simulation Flock(50.00%)-0, to run for 1000.0 steps
[2013-05-23 11:04:18,567] aietes.aietes.Fleet-INFO-Initialised Node Lifecycle
[2013-05-23 11:04:20,203] aietes.aietes.Node.Bev:Waypoint-INFO-Moving to Next waypoint:[ 333.333  333.333  333.333]
[2013-05-23 11:04:20,220] aietes.aietes.Node.Bev:Waypoint-INFO-Moving to Next waypoint:[ 333.333  333.333  333.333]
[2013-05-23 11:04:21,622] aietes-INFO-Finished Simulation at 1000.0
[2013-05-23 11:04:21,639] aietes-INFO-Writing datafile to Flock(50.00%)(0:3).aietes
[2013-05-23 11:04:21,760] aietes-INFO-using given config
[2013-05-23 11:04:21,770] aietes.aietes.Fleet-INFO-creating instance
[2013-05-23 11:04:21,771] aietes-INFO-Initialising Simulation Flock(50.00%)-1, to run for 1000.0 steps
[2013-05-23 11:04:21,771] aietes.aietes.Fleet-INFO-Initialised Node Lifecycle
[2013-05-23 11:04:23,488] aietes.aietes.Node.Bev:Waypoint-INFO-Moving to Next waypoint:[ 333.333  333.333  333.333]
[2013-05-23 11:04:23,491] aietes.aietes.Node.Bev:Waypoint-INFO-Moving to Next waypoint:[ 333.333  333.333  333.333]
[2013-05-23 11:04:24,814] aietes-INFO-Finished Simulation at 1000.0
[2013-05-23 11:04:24,830] aietes-INFO-Writing datafile to Flock(50.00%)(1:3).aietes
[2013-05-23 11:04:24,927] aietes-INFO-using given config
[2013-05-23 11:04:24,941] aietes.aietes.Fleet-INFO-creating instance
[2013-05-23 11:04:24,942] aietes-INFO-Initialising Simulation Flock(50.00%)-2, to run for 1000.0 steps
[2013-05-23 11:04:24,942] aietes.aietes.Fleet-INFO-Initialised Node Lifecycle
[2013-05-23 11:04:26,745] aietes.aietes.Node.Bev:Waypoint-INFO-Moving to Next waypoint:[ 333.333  333.333  333.333]
[2013-05-23 11:04:26,760] aietes.aietes.Node.Bev:Waypoint-INFO-Moving to Next waypoint:[ 333.333  333.333  333.333]
[2013-05-23 11:04:28,015] aietes-INFO-Finished Simulation at 1000.0
[2013-05-23 11:04:28,031] aietes-INFO-Writing datafile to Flock(50.00%)(2:3).aietes
