[2013-05-22 20:21:08,850] aietes-INFO-using given config
[2013-05-22 20:21:08,865] aietes.aietes.Fleet-INFO-creating instance
[2013-05-22 20:21:08,865] aietes-INFO-Initialising Simulation Flock(0.00%)-0, to run for 1000.0 steps
[2013-05-22 20:21:08,865] aietes.aietes.Fleet-INFO-Initialised Node Lifecycle
[2013-05-22 20:21:10,112] aietes.aietes.Node.Bev:Waypoint-INFO-Moving to Next waypoint:[ 333.333  333.333  333.333]
[2013-05-22 20:21:10,149] aietes.aietes.Node.Bev:Waypoint-INFO-Moving to Next waypoint:[ 333.333  333.333  333.333]
[2013-05-22 20:21:10,194] aietes.aietes.Node.Bev:Waypoint-INFO-Moving to Next waypoint:[ 333.333  333.333  333.333]
[2013-05-22 20:21:10,196] aietes.aietes.Node.Bev:Waypoint-INFO-Moving to Next waypoint:[ 333.333  333.333  333.333]
[2013-05-22 20:21:11,838] aietes.aietes.Node.Bev:Waypoint-INFO-Moving to Next waypoint:[ 666.667  333.333  333.333]
[2013-05-22 20:21:11,849] aietes.aietes.Node.Bev:Waypoint-INFO-Moving to Next waypoint:[ 666.667  333.333  333.333]
[2013-05-22 20:21:11,898] aietes.aietes.Node.Bev:Waypoint-INFO-Moving to Next waypoint:[ 666.667  333.333  333.333]
[2013-05-22 20:21:11,906] aietes.aietes.Node.Bev:Waypoint-INFO-Moving to Next waypoint:[ 666.667  333.333  333.333]
[2013-05-22 20:21:12,122] aietes-INFO-Finished Simulation at 1000.0
[2013-05-22 20:21:12,135] aietes-INFO-Writing datafile to Flock(0.00%).aietes
[2013-05-22 20:21:12,233] aietes-INFO-using given config
[2013-05-22 20:21:12,249] aietes.aietes.Fleet-INFO-creating instance
[2013-05-22 20:21:12,249] aietes-INFO-Initialising Simulation Flock(0.00%)-1, to run for 1000.0 steps
[2013-05-22 20:21:12,250] aietes.aietes.Fleet-INFO-Initialised Node Lifecycle
[2013-05-22 20:21:13,528] aietes.aietes.Node.Bev:Waypoint-INFO-Moving to Next waypoint:[ 333.333  333.333  333.333]
[2013-05-22 20:21:13,599] aietes.aietes.Node.Bev:Waypoint-INFO-Moving to Next waypoint:[ 333.333  333.333  333.333]
[2013-05-22 20:21:13,620] aietes.aietes.Node.Bev:Waypoint-INFO-Moving to Next waypoint:[ 333.333  333.333  333.333]
[2013-05-22 20:21:13,625] aietes.aietes.Node.Bev:Waypoint-INFO-Moving to Next waypoint:[ 333.333  333.333  333.333]
[2013-05-22 20:21:15,515] aietes-INFO-Finished Simulation at 1000.0
[2013-05-22 20:21:15,529] aietes-INFO-Writing datafile to Flock(0.00%).aietes
[2013-05-22 20:21:15,624] aietes-INFO-using given config
[2013-05-22 20:21:15,720] aietes.aietes.Fleet-INFO-creating instance
[2013-05-22 20:21:15,721] aietes-INFO-Initialising Simulation Flock(0.00%)-2, to run for 1000.0 steps
[2013-05-22 20:21:15,721] aietes.aietes.Fleet-INFO-Initialised Node Lifecycle
[2013-05-22 20:21:17,018] aietes.aietes.Node.Bev:Waypoint-INFO-Moving to Next waypoint:[ 333.333  333.333  333.333]
[2013-05-22 20:21:17,038] aietes.aietes.Node.Bev:Waypoint-INFO-Moving to Next waypoint:[ 333.333  333.333  333.333]
[2013-05-22 20:21:17,064] aietes.aietes.Node.Bev:Waypoint-INFO-Moving to Next waypoint:[ 333.333  333.333  333.333]
[2013-05-22 20:21:17,108] aietes.aietes.Node.Bev:Waypoint-INFO-Moving to Next waypoint:[ 333.333  333.333  333.333]
[2013-05-22 20:21:18,946] aietes-INFO-Finished Simulation at 1000.0
[2013-05-22 20:21:18,960] aietes-INFO-Writing datafile to Flock(0.00%).aietes
