[2013-05-22 20:21:19,121] aietes-INFO-using given config
[2013-05-22 20:21:19,145] aietes.aietes.Fleet-INFO-creating instance
[2013-05-22 20:21:19,146] aietes-INFO-Initialising Simulation Flock(25.00%)-0, to run for 1000.0 steps
[2013-05-22 20:21:19,146] aietes.aietes.Fleet-INFO-Initialised Node Lifecycle
[2013-05-22 20:21:20,735] aietes.aietes.Node.Bev:Waypoint-INFO-Moving to Next waypoint:[ 333.333  333.333  333.333]
[2013-05-22 20:21:20,781] aietes.aietes.Node.Bev:Waypoint-INFO-Moving to Next waypoint:[ 333.333  333.333  333.333]
[2013-05-22 20:21:20,866] aietes.aietes.Node.Bev:Waypoint-INFO-Moving to Next waypoint:[ 333.333  333.333  333.333]
[2013-05-22 20:21:22,272] aietes-INFO-Finished Simulation at 1000.0
[2013-05-22 20:21:22,286] aietes-INFO-Writing datafile to Flock(25.00%).aietes
[2013-05-22 20:21:22,409] aietes-INFO-using given config
[2013-05-22 20:21:22,422] aietes.aietes.Fleet-INFO-creating instance
[2013-05-22 20:21:22,422] aietes-INFO-Initialising Simulation Flock(25.00%)-1, to run for 1000.0 steps
[2013-05-22 20:21:22,422] aietes.aietes.Fleet-INFO-Initialised Node Lifecycle
[2013-05-22 20:21:23,854] aietes.aietes.Node.Bev:Waypoint-INFO-Moving to Next waypoint:[ 333.333  333.333  333.333]
[2013-05-22 20:21:23,958] aietes.aietes.Node.Bev:Waypoint-INFO-Moving to Next waypoint:[ 333.333  333.333  333.333]
[2013-05-22 20:21:23,985] aietes.aietes.Node.Bev:Waypoint-INFO-Moving to Next waypoint:[ 333.333  333.333  333.333]
[2013-05-22 20:21:25,521] aietes-INFO-Finished Simulation at 1000.0
[2013-05-22 20:21:25,535] aietes-INFO-Writing datafile to Flock(25.00%).aietes
[2013-05-22 20:21:25,633] aietes-INFO-using given config
[2013-05-22 20:21:25,646] aietes.aietes.Fleet-INFO-creating instance
[2013-05-22 20:21:25,646] aietes-INFO-Initialising Simulation Flock(25.00%)-2, to run for 1000.0 steps
[2013-05-22 20:21:25,646] aietes.aietes.Fleet-INFO-Initialised Node Lifecycle
[2013-05-22 20:21:27,052] aietes.aietes.Node.Bev:Waypoint-INFO-Moving to Next waypoint:[ 333.333  333.333  333.333]
[2013-05-22 20:21:27,109] aietes.aietes.Node.Bev:Waypoint-INFO-Moving to Next waypoint:[ 333.333  333.333  333.333]
[2013-05-22 20:21:27,111] aietes.aietes.Node.Bev:Waypoint-INFO-Moving to Next waypoint:[ 333.333  333.333  333.333]
[2013-05-22 20:21:28,763] aietes-INFO-Finished Simulation at 1000.0
[2013-05-22 20:21:28,777] aietes-INFO-Writing datafile to Flock(25.00%).aietes
