[2013-05-22 20:21:28,927] aietes-INFO-using given config
[2013-05-22 20:21:28,938] aietes.aietes.Fleet-INFO-creating instance
[2013-05-22 20:21:28,939] aietes-INFO-Initialising Simulation Flock(50.00%)-0, to run for 1000.0 steps
[2013-05-22 20:21:28,939] aietes.aietes.Fleet-INFO-Initialised Node Lifecycle
[2013-05-22 20:21:30,731] aietes.aietes.Node.Bev:Waypoint-INFO-Moving to Next waypoint:[ 333.333  333.333  333.333]
[2013-05-22 20:21:30,801] aietes.aietes.Node.Bev:Waypoint-INFO-Moving to Next waypoint:[ 333.333  333.333  333.333]
[2013-05-22 20:21:31,959] aietes-INFO-Finished Simulation at 1000.0
[2013-05-22 20:21:31,976] aietes-INFO-Writing datafile to Flock(50.00%).aietes
[2013-05-22 20:21:32,098] aietes-INFO-using given config
[2013-05-22 20:21:32,109] aietes.aietes.Fleet-INFO-creating instance
[2013-05-22 20:21:32,109] aietes-INFO-Initialising Simulation Flock(50.00%)-1, to run for 1000.0 steps
[2013-05-22 20:21:32,110] aietes.aietes.Fleet-INFO-Initialised Node Lifecycle
[2013-05-22 20:21:33,688] aietes.aietes.Node.Bev:Waypoint-INFO-Moving to Next waypoint:[ 333.333  333.333  333.333]
[2013-05-22 20:21:33,790] aietes.aietes.Node.Bev:Waypoint-INFO-Moving to Next waypoint:[ 333.333  333.333  333.333]
[2013-05-22 20:21:35,100] aietes-INFO-Finished Simulation at 1000.0
[2013-05-22 20:21:35,115] aietes-INFO-Writing datafile to Flock(50.00%).aietes
[2013-05-22 20:21:35,208] aietes-INFO-using given config
[2013-05-22 20:21:35,219] aietes.aietes.Fleet-INFO-creating instance
[2013-05-22 20:21:35,219] aietes-INFO-Initialising Simulation Flock(50.00%)-2, to run for 1000.0 steps
[2013-05-22 20:21:35,219] aietes.aietes.Fleet-INFO-Initialised Node Lifecycle
[2013-05-22 20:21:37,309] aietes.aietes.Node.Bev:Waypoint-INFO-Moving to Next waypoint:[ 333.333  333.333  333.333]
[2013-05-22 20:21:37,310] aietes.aietes.Node.Bev:Waypoint-INFO-Moving to Next waypoint:[ 333.333  333.333  333.333]
[2013-05-22 20:21:38,230] aietes-INFO-Finished Simulation at 1000.0
[2013-05-22 20:21:38,246] aietes-INFO-Writing datafile to Flock(50.00%).aietes
