[2013-05-23 11:04:54,384] aietes-INFO-using given config
[2013-05-23 11:04:54,399] aietes.aietes.Fleet-INFO-creating instance
[2013-05-23 11:04:54,399] aietes-INFO-Initialising Simulation Flock(0.00%)-0, to run for 1000.0 steps
[2013-05-23 11:04:54,399] aietes.aietes.Fleet-INFO-Initialised Node Lifecycle
[2013-05-23 11:04:55,684] aietes.aietes.Node.Bev:Waypoint-INFO-Moving to Next waypoint:[ 333.333  333.333  333.333]
[2013-05-23 11:04:55,718] aietes.aietes.Node.Bev:Waypoint-INFO-Moving to Next waypoint:[ 333.333  333.333  333.333]
[2013-05-23 11:04:55,730] aietes.aietes.Node.Bev:Waypoint-INFO-Moving to Next waypoint:[ 333.333  333.333  333.333]
[2013-05-23 11:04:55,778] aietes.aietes.Node.Bev:Waypoint-INFO-Moving to Next waypoint:[ 333.333  333.333  333.333]
[2013-05-23 11:04:57,559] aietes.aietes.Node.Bev:Waypoint-INFO-Moving to Next waypoint:[ 666.667  333.333  333.333]
[2013-05-23 11:04:57,565] aietes.aietes.Node.Bev:Waypoint-INFO-Moving to Next waypoint:[ 666.667  333.333  333.333]
[2013-05-23 11:04:57,573] aietes.aietes.Node.Bev:Waypoint-INFO-Moving to Next waypoint:[ 666.667  333.333  333.333]
[2013-05-23 11:04:57,618] aietes-INFO-Finished Simulation at 1000.0
[2013-05-23 11:04:57,633] aietes-INFO-Writing datafile to Flock(0.00%)(0:2).aietes
[2013-05-23 11:04:57,730] aietes-INFO-using given config
[2013-05-23 11:04:57,766] aietes.aietes.Fleet-INFO-creating instance
[2013-05-23 11:04:57,766] aietes-INFO-Initialising Simulation Flock(0.00%)-1, to run for 1000.0 steps
[2013-05-23 11:04:57,767] aietes.aietes.Fleet-INFO-Initialised Node Lifecycle
[2013-05-23 11:04:59,152] aietes.aietes.Node.Bev:Waypoint-INFO-Moving to Next waypoint:[ 333.333  333.333  333.333]
[2013-05-23 11:04:59,218] aietes.aietes.Node.Bev:Waypoint-INFO-Moving to Next waypoint:[ 333.333  333.333  333.333]
[2013-05-23 11:04:59,229] aietes.aietes.Node.Bev:Waypoint-INFO-Moving to Next waypoint:[ 333.333  333.333  333.333]
[2013-05-23 11:04:59,274] aietes.aietes.Node.Bev:Waypoint-INFO-Moving to Next waypoint:[ 333.333  333.333  333.333]
[2013-05-23 11:05:00,977] aietes-INFO-Finished Simulation at 1000.0
[2013-05-23 11:05:00,991] aietes-INFO-Writing datafile to Flock(0.00%)(1:2).aietes
